OtherAndroidDemo/AIDLDemo/rsclient/build/intermediates/manifest_merge_blame_file/debug/manifest-merger-blame-debug-report.txt
1<?xml version="1.0" encoding="utf-8"?>
2<manifest xmlns:android="http://schemas.android.com/apk/res/android"
3    package="com.example.rsclient"
4    android:versionCode="1"
5    android:versionName="1.0" >
6
7    <uses-sdk
8        android:minSdkVersion="21"
8-->src/main/AndroidManifest.xml
9        android:targetSdkVersion="32" />
9-->src/main/AndroidManifest.xml
10
11    <queries>
11-->src/main/AndroidManifest.xml:5:5-7:15
12        <package android:name="com.example.rsserver" />
12-->src/main/AndroidManifest.xml:6:9-56
12-->src/main/AndroidManifest.xml:6:18-53
13    </queries>
14
15    <application
15-->src/main/AndroidManifest.xml:9:5-27:19
16        android:allowBackup="true"
16-->src/main/AndroidManifest.xml:10:9-35
17        android:appComponentFactory="androidx.core.app.CoreComponentFactory"
17-->[androidx.core:core:1.5.0] AndroidManifest.xml:24:18-86
18        android:debuggable="true"
19        android:icon="@mipmap/ic_launcher"
19-->src/main/AndroidManifest.xml:11:9-43
20        android:label="@string/app_name"
20-->src/main/AndroidManifest.xml:12:9-41
21        android:roundIcon="@mipmap/ic_launcher_round"
21-->src/main/AndroidManifest.xml:13:9-54
22        android:supportsRtl="true"
22-->src/main/AndroidManifest.xml:14:9-35
23        android:testOnly="true"
24        android:theme="@style/Theme.AIDLDemo" >
24-->src/main/AndroidManifest.xml:15:9-46
25        <activity
25-->src/main/AndroidManifest.xml:17:9-25:20
26            android:name="com.example.rsclient.MainActivity"
26-->src/main/AndroidManifest.xml:18:13-41
27            android:exported="true"
27-->src/main/AndroidManifest.xml:19:13-36
28            android:label="@string/app_name" >
28-->src/main/AndroidManifest.xml:20:13-45
29            <intent-filter>
29-->src/main/AndroidManifest.xml:21:13-24:29
30                <action android:name="android.intent.action.MAIN" />
30-->src/main/AndroidManifest.xml:22:17-69
30-->src/main/AndroidManifest.xml:22:25-66
31
32                <category android:name="android.intent.category.LAUNCHER" />
32-->src/main/AndroidManifest.xml:23:17-77
32-->src/main/AndroidManifest.xml:23:27-74
33            </intent-filter>
34        </activity>
35    </application>
36
37</manifest>